0 info it worked if it ends with ok
1 verbose cli [ 'C:\\Program Files\\nodejs\\\\node.exe',
1 verbose cli   'C:\\Program Files\\nodejs\\node_modules\\npm\\bin\\npm-cli.js',
1 verbose cli   'publish' ]
2 info using npm@2.13.1
3 info using node@v0.12.0
4 verbose publish [ '.' ]
5 silly cache add args [ '.', null ]
6 verbose cache add spec .
7 silly cache add parsed spec { raw: '.',
7 silly cache add   scope: null,
7 silly cache add   name: null,
7 silly cache add   rawSpec: '.',
7 silly cache add   spec: 'C:\\projects\\repos\\felles-front-end\\ffe-framework',
7 silly cache add   type: 'directory' }
8 verbose addLocalDirectory C:\Users\a11860\AppData\Roaming\npm-cache\@sb1\ffe-framework\1.0.0\package.tgz not in flight; packing
9 verbose tar pack [ 'C:\\Users\\a11860\\AppData\\Roaming\\npm-cache\\@sb1\\ffe-framework\\1.0.0\\package.tgz',
9 verbose tar pack   'C:\\projects\\repos\\felles-front-end\\ffe-framework' ]
10 verbose tarball C:\Users\a11860\AppData\Roaming\npm-cache\@sb1\ffe-framework\1.0.0\package.tgz
11 verbose folder C:\projects\repos\felles-front-end\ffe-framework
12 info prepublish @sb1/ffe-framework@1.0.0
13 verbose addLocalTarball adding from inside cache C:\Users\a11860\AppData\Roaming\npm-cache\@sb1\ffe-framework\1.0.0\package.tgz
14 silly cache afterAdd @sb1/ffe-framework@1.0.0
15 verbose afterAdd C:\Users\a11860\AppData\Roaming\npm-cache\@sb1\ffe-framework\1.0.0\package\package.json not in flight; writing
16 verbose afterAdd C:\Users\a11860\AppData\Roaming\npm-cache\@sb1\ffe-framework\1.0.0\package\package.json written
17 silly publish { name: '@sb1/ffe-framework',
17 silly publish   version: '1.0.0',
17 silly publish   description: 'Rammeverk for Felles Front End',
17 silly publish   less: 'ffe.less',
17 silly publish   main: 'index.js',
17 silly publish   scripts: { test: 'echo "Error: no test specified" && exit 1' },
17 silly publish   repository:
17 silly publish    { type: 'git',
17 silly publish      url: 'ssh://git@stash.intern.sparebank1.no:22/ffe/felles-front-end.git' },
17 silly publish   keywords:
17 silly publish    [ 'frontend',
17 silly publish      'front',
17 silly publish      'end',
17 silly publish      'style',
17 silly publish      'guide',
17 silly publish      'sb1',
17 silly publish      'styling',
17 silly publish      'design',
17 silly publish      'javascript' ],
17 silly publish   files: [ 'fonts', 'less/*.less' ],
17 silly publish   author: { name: 'Glenn A. Brownlee' },
17 silly publish   license: 'ISC',
17 silly publish   readme: 'ERROR: No README data found!',
17 silly publish   _id: '@sb1/ffe-framework@1.0.0',
17 silly publish   _shasum: '57ae12b8b8a14280b9451d74abb03fa5b1480758',
17 silly publish   _from: '.' }
18 verbose getPublishConfig undefined
19 silly mapToRegistry name @sb1/ffe-framework
20 silly mapToRegistry scope (from package name) @sb1
21 verbose mapToRegistry no registry URL found in name for scope @sb1
22 silly mapToRegistry using default registry
23 silly mapToRegistry registry http://ntadc1.test.sparebank1.no:4873/
24 silly mapToRegistry uri http://ntadc1.test.sparebank1.no:4873/@sb1%2fffe-framework
25 verbose publish registryBase http://ntadc1.test.sparebank1.no:4873/
26 silly publish uploading C:\Users\a11860\AppData\Roaming\npm-cache\@sb1\ffe-framework\1.0.0\package.tgz
27 verbose request uri http://ntadc1.test.sparebank1.no:4873/@sb1%2fffe-framework
28 verbose request sending authorization for write operation
29 info attempt registry request try #1 at 14:12:35
30 verbose request id beab326a4a2388a4
31 http request PUT http://ntadc1.test.sparebank1.no:4873/@sb1%2fffe-framework
32 http 403 http://ntadc1.test.sparebank1.no:4873/@sb1%2fffe-framework
33 verbose headers { 'x-powered-by': 'Sinopia/0.13.2',
33 verbose headers   'content-type': 'application/json; charset=utf-8',
33 verbose headers   'content-length': '32',
33 verbose headers   vary: 'Accept-Encoding',
33 verbose headers   'x-status-cat': 'http://flic.kr/p/aV6jFK',
33 verbose headers   date: 'Tue, 14 Jul 2015 12:12:34 GMT',
33 verbose headers   connection: 'keep-alive' }
34 verbose request invalidating C:\Users\a11860\AppData\Roaming\npm-cache\ntadc1.test.sparebank1.no_4873\_40sb1_252fffe-framework on PUT
35 error publish Failed PUT 403
36 verbose stack Error: invalid package : @sb1/ffe-framework
36 verbose stack     at CachingRegistryClient.<anonymous> (C:\Program Files\nodejs\node_modules\npm\node_modules\npm-registry-client\lib\request.js:247:14)
36 verbose stack     at Request._callback (C:\Program Files\nodejs\node_modules\npm\node_modules\npm-registry-client\lib\request.js:170:14)
36 verbose stack     at Request.self.callback (C:\Program Files\nodejs\node_modules\npm\node_modules\request\request.js:197:22)
36 verbose stack     at Request.emit (events.js:110:17)
36 verbose stack     at Request.<anonymous> (C:\Program Files\nodejs\node_modules\npm\node_modules\request\request.js:1050:14)
36 verbose stack     at Request.emit (events.js:129:20)
36 verbose stack     at IncomingMessage.<anonymous> (C:\Program Files\nodejs\node_modules\npm\node_modules\request\request.js:996:12)
36 verbose stack     at IncomingMessage.emit (events.js:129:20)
36 verbose stack     at _stream_readable.js:908:16
36 verbose stack     at process._tickCallback (node.js:355:11)
37 verbose statusCode 403
38 verbose pkgid @sb1/ffe-framework
39 verbose cwd C:\projects\repos\felles-front-end\ffe-framework
40 error Windows_NT 6.1.7601
41 error argv "C:\\Program Files\\nodejs\\\\node.exe" "C:\\Program Files\\nodejs\\node_modules\\npm\\bin\\npm-cli.js" "publish"
42 error node v0.12.0
43 error npm  v2.13.1
44 error code E403
45 error invalid package : @sb1/ffe-framework
46 error If you need help, you may report this error at:
46 error     <https://github.com/npm/npm/issues>
47 verbose exit [ 1, true ]
